  [1m[36m (160.0ms)[0m  [1mCREATE TABLE "schema_migrations" ("version" varchar NOT NULL) [0m
  [1m[35m (0.0ms)[0m  select sqlite_version(*)
  [1m[36m (90.0ms)[0m  [1mCREATE UNIQUE INDEX "unique_schema_migrations" ON "schema_migrations" ("version")[0m
  [1m[35mActiveRecord::SchemaMigration Load (0.0ms)[0m  SELECT "schema_migrations".* FROM "schema_migrations"
Migrating to CreateRooms (20150510175923)
  [1m[36m (0.0ms)[0m  [1mbegin transaction[0m
  [1m[35m (0.0ms)[0m  CREATE TABLE "rooms" ("id" INTEGER PRIMARY KEY AUTOINCREMENT NOT NULL, "title" varchar, "description" text, "beds" integer, "guests" integer, "created_at" datetime NOT NULL, "updated_at" datetime NOT NULL) 
  [1m[36mSQL (0.0ms)[0m  [1mINSERT INTO "schema_migrations" ("version") VALUES (?)[0m  [["version", "20150510175923"]]
  [1m[35m (162.5ms)[0m  commit transaction
Migrating to AddImageUrlToRooms (20150510183516)
  [1m[36m (0.0ms)[0m  [1mbegin transaction[0m
  [1m[35m (0.0ms)[0m  ALTER TABLE "rooms" ADD "image_url" varchar
  [1m[36mSQL (0.0ms)[0m  [1mINSERT INTO "schema_migrations" ("version") VALUES (?)[0m  [["version", "20150510183516"]]
  [1m[35m (85.0ms)[0m  commit transaction
  [1m[36mActiveRecord::SchemaMigration Load (0.0ms)[0m  [1mSELECT "schema_migrations".* FROM "schema_migrations"[0m
  [1m[36mActiveRecord::SchemaMigration Load (0.0ms)[0m  [1mSELECT "schema_migrations".* FROM "schema_migrations"[0m
  [1m[35m (0.0ms)[0m  begin transaction
  [1m[36mSQL (0.0ms)[0m  [1mINSERT INTO "rooms" ("title", "description", "image_url", "beds", "guests", "created_at", "updated_at") VALUES (?, ?, ?, ?, ?, ?, ?)[0m  [["title", "Studio apt in the heart of Chelsea!"], ["description", "My modern and cozy studio apartment with an open kitchen floor plan has everything you need for a comfortable stay. It is located on a quiet side street steps away from tons of restaurants, bars and transportation. Very convenient!"], ["image_url", "https://a0.muscache.com/ic/pictures/71697005/ab9aaf15_original.jpg?interpolation=lanczos-none&size=xx_large&output-format=jpg&output-quality=70"], ["beds", 1], ["guests", 2], ["created_at", "2016-01-14 21:33:35.324858"], ["updated_at", "2016-01-14 21:33:35.324858"]]
  [1m[35m (120.0ms)[0m  commit transaction
  [1m[36m (2.5ms)[0m  [1mbegin transaction[0m
  [1m[35mSQL (0.0ms)[0m  INSERT INTO "rooms" ("title", "description", "image_url", "beds", "guests", "created_at", "updated_at") VALUES (?, ?, ?, ?, ?, ?, ?)  [["title", "Penthouse Studio East 50s Terrace"], ["description", "This is a fully furnished short term studio apartment in an elevator building on the 6th floor in the heart of midtown Manhattan. Close to all major subway lines- E, M & 6, major landmarks & shopping, 5 star hotels, restaurants & bars, lively area, its the perfect location to explore the city."], ["image_url", "https://a2.muscache.com/ic/pictures/22904553/d336a559_original.jpg?interpolation=lanczos-none&size=xx_large&output-format=jpg&output-quality=70"], ["beds", 2], ["guests", 4], ["created_at", "2016-01-14 21:33:35.467359"], ["updated_at", "2016-01-14 21:33:35.467359"]]
  [1m[36m (102.5ms)[0m  [1mcommit transaction[0m
  [1m[35m (0.0ms)[0m  begin transaction
  [1m[36mSQL (0.0ms)[0m  [1mINSERT INTO "rooms" ("title", "description", "image_url", "beds", "guests", "created_at", "updated_at") VALUES (?, ?, ?, ?, ?, ?, ?)[0m  [["title", "Roof Access Room Greenwich Village"], ["description", "Great location Greenwich village, walk to shopping, restaurants, NYU, subway and Washington Square Park. Bedroom with window and closet. Updated kitchen and bath. Hardwood floorst. Rooftop access for smokers. Apartment is a 6 story walkup (no elevator) apartment is on top floor and you must walk up."], ["image_url", "https://a1.muscache.com/ic/pictures/65749838/8748c743_original.jpg?interpolation=lanczos-none&size=xx_large&output-format=jpg&output-quality=70"], ["beds", 1], ["guests", 2], ["created_at", "2016-01-14 21:33:35.569859"], ["updated_at", "2016-01-14 21:33:35.569859"]]
  [1m[35m (75.0ms)[0m  commit transaction
  [1m[36mActiveRecord::SchemaMigration Load (0.0ms)[0m  [1mSELECT "schema_migrations".* FROM "schema_migrations"[0m
Migrating to AddPricePerNightToRooms (20160114213631)
  [1m[35m (0.0ms)[0m  begin transaction
  [1m[36m (0.0ms)[0m  [1mALTER TABLE "rooms" ADD "price_per_night" float[0m
  [1m[35mSQL (0.0ms)[0m  INSERT INTO "schema_migrations" ("version") VALUES (?)  [["version", "20160114213631"]]
  [1m[36m (165.0ms)[0m  [1mcommit transaction[0m
  [1m[35mActiveRecord::SchemaMigration Load (0.0ms)[0m  SELECT "schema_migrations".* FROM "schema_migrations"
